#
# A fatal error has been detected by the Java Runtime Environment:
#
#  Internal Error (generateOopMap.cpp:2164), pid=82116, tid=90936
#  fatal error: Illegal class file encountered. Try running with -Xverify:all in method main
#
# JRE version: OpenJDK Runtime Environment (16.0.1+9) (build 16.0.1+9-24)
# Java VM: OpenJDK 64-Bit Server VM (16.0.1+9-24, mixed mode, tiered, compressed oops, compressed class ptrs, g1 gc, windows-amd64)
# No core dump will be written. Minidumps are not enabled by default on client versions of Windows
#
# If you would like to submit a bug report, please visit:
#   https://bugreport.java.com/bugreport/crash.jsp
#

---------------  S U M M A R Y ------------

Command Line: -XX:+ShowCodeDetailsInExceptionMessages -agentlib:jdwp=transport=dt_socket,suspend=y,address=localhost:61040 -javaagent:D:\Softwares\sts-4.11.0.RELEASE\configuration\org.eclipse.osgi\258\0\.cp\lib\javaagent-shaded.jar -Dfile.encoding=Cp1252 Stringoperation

Host: 11th Gen Intel(R) Core(TM) i5-1135G7 @ 2.40GHz, 8 cores, 7G,  Windows 10 , 64 bit Build 22000 (10.0.22000.318)
Time: Thu Dec 30 19:34:15 2021 India Standard Time elapsed time: 22216.319397 seconds (0d 6h 10m 16s)

---------------  T H R E A D  ---------------

Current thread (0x000002007f969f30):  VMThread "VM Thread" [stack: 0x0000003561a00000,0x0000003561b00000] [id=90936]

Stack: [0x0000003561a00000,0x0000003561b00000]
Native frames: (J=compiled Java code, j=interpreted, Vv=VM code, C=native code)
V  [jvm.dll+0x6687ca]
V  [jvm.dll+0x7ca3c9]
V  [jvm.dll+0x7cbb53]
V  [jvm.dll+0x7cc167]
V  [jvm.dll+0x242c03]
V  [jvm.dll+0x3312e9]
V  [jvm.dll+0x32ee6a]
V  [jvm.dll+0x32fd1e]
V  [jvm.dll+0x32d39f]
V  [jvm.dll+0x32c627]
V  [jvm.dll+0x6572ce]
V  [jvm.dll+0x656fd3]
V  [jvm.dll+0x61c848]
V  [jvm.dll+0x7c1e55]
V  [jvm.dll+0x520b76]
V  [jvm.dll+0x7d05eb]
V  [jvm.dll+0x7d12e4]
V  [jvm.dll+0x7d17e9]
V  [jvm.dll+0x7d1aa4]
V  [jvm.dll+0x7d1b70]
V  [jvm.dll+0x779b4a]
V  [jvm.dll+0x667666]
C  [ucrtbase.dll+0x26c0c]
C  [KERNEL32.DLL+0x154e0]
C  [ntdll.dll+0x485b]

VM_Operation (0x00000035625ff4b0): get/set locals, mode: safepoint, requested by thread 0x0000020006a66400


---------------  P R O C E S S  ---------------

Threads class SMR info:
_java_thread_list=0x0000020006f6bd90, length=15, elements={
0x000002006babf980, 0x000002007f981020, 0x000002007f9823c0, 0x000002007f9b55a0,
0x000002007f9b7fb0, 0x000002007f9b9150, 0x0000020006803570, 0x000002000680d7b0,
0x000002000680ea40, 0x0000020006830010, 0x00000200068c63b0, 0x0000020006a66400,
0x0000020006a90320, 0x0000020006a929d0, 0x0000020006bf7350
}

Java Threads: ( => current thread )
  0x000002006babf980 JavaThread "main" [_thread_blocked, id=90520, stack(0x0000003561400000,0x0000003561500000)]
  0x000002007f981020 JavaThread "Reference Handler" daemon [_thread_blocked, id=80196, stack(0x0000003561b00000,0x0000003561c00000)]
  0x000002007f9823c0 JavaThread "Finalizer" daemon [_thread_blocked, id=78672, stack(0x0000003561c00000,0x0000003561d00000)]
  0x000002007f9b55a0 JavaThread "Signal Dispatcher" daemon [_thread_blocked, id=53360, stack(0x0000003561d00000,0x0000003561e00000)]
  0x000002007f9b7fb0 JavaThread "Attach Listener" daemon [_thread_blocked, id=88332, stack(0x0000003561e00000,0x0000003561f00000)]
  0x000002007f9b9150 JavaThread "Service Thread" daemon [_thread_blocked, id=90128, stack(0x0000003561f00000,0x0000003562000000)]
  0x0000020006803570 JavaThread "Monitor Deflation Thread" daemon [_thread_blocked, id=43992, stack(0x0000003562000000,0x0000003562100000)]
  0x000002000680d7b0 JavaThread "C2 CompilerThread0" daemon [_thread_blocked, id=89860, stack(0x0000003562100000,0x0000003562200000)]
  0x000002000680ea40 JavaThread "C1 CompilerThread0" daemon [_thread_blocked, id=84900, stack(0x0000003562200000,0x0000003562300000)]
  0x0000020006830010 JavaThread "Sweeper thread" daemon [_thread_blocked, id=82020, stack(0x0000003562300000,0x0000003562400000)]
  0x00000200068c63b0 JavaThread "Common-Cleaner" daemon [_thread_blocked, id=80748, stack(0x0000003562400000,0x0000003562500000)]
  0x0000020006a66400 JavaThread "JDWP Transport Listener: dt_socket" daemon [_thread_blocked, id=81912, stack(0x0000003562500000,0x0000003562600000)]
  0x0000020006a90320 JavaThread "JDWP Event Helper Thread" daemon [_thread_blocked, id=85768, stack(0x0000003562600000,0x0000003562700000)]
  0x0000020006a929d0 JavaThread "JDWP Command Reader" daemon [_thread_in_native, id=69476, stack(0x0000003562700000,0x0000003562800000)]
  0x0000020006bf7350 JavaThread "Notification Thread" daemon [_thread_blocked, id=81264, stack(0x0000003562800000,0x0000003562900000)]

Other Threads:
=>0x000002007f969f30 VMThread "VM Thread" [stack: 0x0000003561a00000,0x0000003561b00000] [id=90936]
  0x000002006bac0650 WatcherThread [stack: 0x0000003562900000,0x0000003562a00000] [id=80784]
  0x000002006bafeef0 GCTaskThread "GC Thread#0" [stack: 0x0000003561500000,0x0000003561600000] [id=85860]
  0x000002006bb10190 ConcurrentGCThread "G1 Main Marker" [stack: 0x0000003561600000,0x0000003561700000] [id=90616]
  0x000002006bb11c10 ConcurrentGCThread "G1 Conc#0" [stack: 0x0000003561700000,0x0000003561800000] [id=76012]
  0x000002006bb98d20 ConcurrentGCThread "G1 Refine#0" [stack: 0x0000003561800000,0x0000003561900000] [id=87116]
  0x000002006bb9a7b0 ConcurrentGCThread "G1 Service" [stack: 0x0000003561900000,0x0000003561a00000] [id=86768]

Threads with active compile tasks:

VM state: at safepoint (normal execution)

VM Mutex/Monitor currently owned by a thread:  ([mutex/lock_event])
[0x000002006babb1c0] Threads_lock - owner thread: 0x000002007f969f30

Heap address: 0x0000000083200000, size: 1998 MB, Compressed Oops mode: 32-bit

CDS disabled.
Compressed class space mapped at: 0x0000000100000000-0x0000000140000000, reserved size: 1073741824
Narrow klass base: 0x0000000000000000, Narrow klass shift: 3, Narrow klass range: 0x140000000

GC Precious Log:
 CPUs: 8 total, 8 available
 Memory: 7991M
 Large Page Support: Disabled
 NUMA Support: Disabled
 Compressed Oops: Enabled (32-bit)
 Heap Region Size: 1M
 Heap Min Capacity: 8M
 Heap Initial Capacity: 126M
 Heap Max Capacity: 1998M
 Pre-touch: Disabled
 Parallel Workers: 8
 Concurrent Workers: 2
 Concurrent Refinement Workers: 8
 Periodic GC: Disabled

Heap:
 garbage-first heap   total 129024K, used 7168K [0x0000000083200000, 0x0000000100000000)
  region size 1024K, 8 young (8192K), 0 survivors (0K)
 Metaspace       used 9903K, committed 10048K, reserved 1064960K
  class space    used 849K, committed 896K, reserved 1048576K

Heap Regions: E=young(eden), S=young(survivor), O=old, HS=humongous(starts), HC=humongous(continues), CS=collection set, F=free, OA=open archive, CA=closed archive, TAMS=top-at-mark-start (previous, next)
|   0|0x0000000083200000, 0x0000000083200000, 0x0000000083300000|  0%| F|  |TAMS 0x0000000083200000, 0x0000000083200000| Untracked 
|   1|0x0000000083300000, 0x0000000083300000, 0x0000000083400000|  0%| F|  |TAMS 0x0000000083300000, 0x0000000083300000| Untracked 
|   2|0x0000000083400000, 0x0000000083400000, 0x0000000083500000|  0%| F|  |TAMS 0x0000000083400000, 0x0000000083400000| Untracked 
|   3|0x0000000083500000, 0x0000000083500000, 0x0000000083600000|  0%| F|  |TAMS 0x0000000083500000, 0x0000000083500000| Untracked 
|   4|0x0000000083600000, 0x0000000083600000, 0x0000000083700000|  0%| F|  |TAMS 0x0000000083600000, 0x0000000083600000| Untracked 
|   5|0x0000000083700000, 0x0000000083700000, 0x0000000083800000|  0%| F|  |TAMS 0x0000000083700000, 0x0000000083700000| Untracked 
|   6|0x0000000083800000, 0x0000000083800000, 0x0000000083900000|  0%| F|  |TAMS 0x0000000083800000, 0x0000000083800000| Untracked 
|   7|0x0000000083900000, 0x0000000083900000, 0x0000000083a00000|  0%| F|  |TAMS 0x0000000083900000, 0x0000000083900000| Untracked 
|   8|0x0000000083a00000, 0x0000000083a00000, 0x0000000083b00000|  0%| F|  |TAMS 0x0000000083a00000, 0x0000000083a00000| Untracked 
|   9|0x0000000083b00000, 0x0000000083b00000, 0x0000000083c00000|  0%| F|  |TAMS 0x0000000083b00000, 0x0000000083b00000| Untracked 
|  10|0x0000000083c00000, 0x0000000083c00000, 0x0000000083d00000|  0%| F|  |TAMS 0x0000000083c00000, 0x0000000083c00000| Untracked 
|  11|0x0000000083d00000, 0x0000000083d00000, 0x0000000083e00000|  0%| F|  |TAMS 0x0000000083d00000, 0x0000000083d00000| Untracked 
|  12|0x0000000083e00000, 0x0000000083e00000, 0x0000000083f00000|  0%| F|  |TAMS 0x0000000083e00000, 0x0000000083e00000| Untracked 
|  13|0x0000000083f00000, 0x0000000083f00000, 0x0000000084000000|  0%| F|  |TAMS 0x0000000083f00000, 0x0000000083f00000| Untracked 
|  14|0x0000000084000000, 0x0000000084000000, 0x0000000084100000|  0%| F|  |TAMS 0x0000000084000000, 0x0000000084000000| Untracked 
|  15|0x0000000084100000, 0x0000000084100000, 0x0000000084200000|  0%| F|  |TAMS 0x0000000084100000, 0x0000000084100000| Untracked 
|  16|0x0000000084200000, 0x0000000084200000, 0x0000000084300000|  0%| F|  |TAMS 0x0000000084200000, 0x0000000084200000| Untracked 
|  17|0x0000000084300000, 0x0000000084300000, 0x0000000084400000|  0%| F|  |TAMS 0x0000000084300000, 0x0000000084300000| Untracked 
|  18|0x0000000084400000, 0x0000000084400000, 0x0000000084500000|  0%| F|  |TAMS 0x0000000084400000, 0x0000000084400000| Untracked 
|  19|0x0000000084500000, 0x0000000084500000, 0x0000000084600000|  0%| F|  |TAMS 0x0000000084500000, 0x0000000084500000| Untracked 
|  20|0x0000000084600000, 0x0000000084600000, 0x0000000084700000|  0%| F|  |TAMS 0x0000000084600000, 0x0000000084600000| Untracked 
|  21|0x0000000084700000, 0x0000000084700000, 0x0000000084800000|  0%| F|  |TAMS 0x0000000084700000, 0x0000000084700000| Untracked 
|  22|0x0000000084800000, 0x0000000084800000, 0x0000000084900000|  0%| F|  |TAMS 0x0000000084800000, 0x0000000084800000| Untracked 
|  23|0x0000000084900000, 0x0000000084900000, 0x0000000084a00000|  0%| F|  |TAMS 0x0000000084900000, 0x0000000084900000| Untracked 
|  24|0x0000000084a00000, 0x0000000084a00000, 0x0000000084b00000|  0%| F|  |TAMS 0x0000000084a00000, 0x0000000084a00000| Untracked 
|  25|0x0000000084b00000, 0x0000000084b00000, 0x0000000084c00000|  0%| F|  |TAMS 0x0000000084b00000, 0x0000000084b00000| Untracked 
|  26|0x0000000084c00000, 0x0000000084c00000, 0x0000000084d00000|  0%| F|  |TAMS 0x0000000084c00000, 0x0000000084c00000| Untracked 
|  27|0x0000000084d00000, 0x0000000084d00000, 0x0000000084e00000|  0%| F|  |TAMS 0x0000000084d00000, 0x0000000084d00000| Untracked 
|  28|0x0000000084e00000, 0x0000000084e00000, 0x0000000084f00000|  0%| F|  |TAMS 0x0000000084e00000, 0x0000000084e00000| Untracked 
|  29|0x0000000084f00000, 0x0000000084f00000, 0x0000000085000000|  0%| F|  |TAMS 0x0000000084f00000, 0x0000000084f00000| Untracked 
|  30|0x0000000085000000, 0x0000000085000000, 0x0000000085100000|  0%| F|  |TAMS 0x0000000085000000, 0x0000000085000000| Untracked 
|  31|0x0000000085100000, 0x0000000085100000, 0x0000000085200000|  0%| F|  |TAMS 0x0000000085100000, 0x0000000085100000| Untracked 
|  32|0x0000000085200000, 0x0000000085200000, 0x0000000085300000|  0%| F|  |TAMS 0x0000000085200000, 0x0000000085200000| Untracked 
|  33|0x0000000085300000, 0x0000000085300000, 0x0000000085400000|  0%| F|  |TAMS 0x0000000085300000, 0x0000000085300000| Untracked 
|  34|0x0000000085400000, 0x0000000085400000, 0x0000000085500000|  0%| F|  |TAMS 0x0000000085400000, 0x0000000085400000| Untracked 
|  35|0x0000000085500000, 0x0000000085500000, 0x0000000085600000|  0%| F|  |TAMS 0x0000000085500000, 0x0000000085500000| Untracked 
|  36|0x0000000085600000, 0x0000000085600000, 0x0000000085700000|  0%| F|  |TAMS 0x0000000085600000, 0x0000000085600000| Untracked 
|  37|0x0000000085700000, 0x0000000085700000, 0x0000000085800000|  0%| F|  |TAMS 0x0000000085700000, 0x0000000085700000| Untracked 
|  38|0x0000000085800000, 0x0000000085800000, 0x0000000085900000|  0%| F|  |TAMS 0x0000000085800000, 0x0000000085800000| Untracked 
|  39|0x0000000085900000, 0x0000000085900000, 0x0000000085a00000|  0%| F|  |TAMS 0x0000000085900000, 0x0000000085900000| Untracked 
|  40|0x0000000085a00000, 0x0000000085a00000, 0x0000000085b00000|  0%| F|  |TAMS 0x0000000085a00000, 0x0000000085a00000| Untracked 
|  41|0x0000000085b00000, 0x0000000085b00000, 0x0000000085c00000|  0%| F|  |TAMS 0x0000000085b00000, 0x0000000085b00000| Untracked 
|  42|0x0000000085c00000, 0x0000000085c00000, 0x0000000085d00000|  0%| F|  |TAMS 0x0000000085c00000, 0x0000000085c00000| Untracked 
|  43|0x0000000085d00000, 0x0000000085d00000, 0x0000000085e00000|  0%| F|  |TAMS 0x0000000085d00000, 0x0000000085d00000| Untracked 
|  44|0x0000000085e00000, 0x0000000085e00000, 0x0000000085f00000|  0%| F|  |TAMS 0x0000000085e00000, 0x0000000085e00000| Untracked 
|  45|0x0000000085f00000, 0x0000000085f00000, 0x0000000086000000|  0%| F|  |TAMS 0x0000000085f00000, 0x0000000085f00000| Untracked 
|  46|0x0000000086000000, 0x0000000086000000, 0x0000000086100000|  0%| F|  |TAMS 0x0000000086000000, 0x0000000086000000| Untracked 
|  47|0x0000000086100000, 0x0000000086100000, 0x0000000086200000|  0%| F|  |TAMS 0x0000000086100000, 0x0000000086100000| Untracked 
|  48|0x0000000086200000, 0x0000000086200000, 0x0000000086300000|  0%| F|  |TAMS 0x0000000086200000, 0x0000000086200000| Untracked 
|  49|0x0000000086300000, 0x0000000086300000, 0x0000000086400000|  0%| F|  |TAMS 0x0000000086300000, 0x0000000086300000| Untracked 
|  50|0x0000000086400000, 0x0000000086400000, 0x0000000086500000|  0%| F|  |TAMS 0x0000000086400000, 0x0000000086400000| Untracked 
|  51|0x0000000086500000, 0x0000000086500000, 0x0000000086600000|  0%| F|  |TAMS 0x0000000086500000, 0x0000000086500000| Untracked 
|  52|0x0000000086600000, 0x0000000086600000, 0x0000000086700000|  0%| F|  |TAMS 0x0000000086600000, 0x0000000086600000| Untracked 
|  53|0x0000000086700000, 0x0000000086700000, 0x0000000086800000|  0%| F|  |TAMS 0x0000000086700000, 0x0000000086700000| Untracked 
|  54|0x0000000086800000, 0x0000000086800000, 0x0000000086900000|  0%| F|  |TAMS 0x0000000086800000, 0x0000000086800000| Untracked 
|  55|0x0000000086900000, 0x0000000086900000, 0x0000000086a00000|  0%| F|  |TAMS 0x0000000086900000, 0x0000000086900000| Untracked 
|  56|0x0000000086a00000, 0x0000000086a00000, 0x0000000086b00000|  0%| F|  |TAMS 0x0000000086a00000, 0x0000000086a00000| Untracked 
|  57|0x0000000086b00000, 0x0000000086b00000, 0x0000000086c00000|  0%| F|  |TAMS 0x0000000086b00000, 0x0000000086b00000| Untracked 
|  58|0x0000000086c00000, 0x0000000086c00000, 0x0000000086d00000|  0%| F|  |TAMS 0x0000000086c00000, 0x0000000086c00000| Untracked 
|  59|0x0000000086d00000, 0x0000000086d00000, 0x0000000086e00000|  0%| F|  |TAMS 0x0000000086d00000, 0x0000000086d00000| Untracked 
|  60|0x0000000086e00000, 0x0000000086e00000, 0x0000000086f00000|  0%| F|  |TAMS 0x0000000086e00000, 0x0000000086e00000| Untracked 
|  61|0x0000000086f00000, 0x0000000086f00000, 0x0000000087000000|  0%| F|  |TAMS 0x0000000086f00000, 0x0000000086f00000| Untracked 
|  62|0x0000000087000000, 0x0000000087000000, 0x0000000087100000|  0%| F|  |TAMS 0x0000000087000000, 0x0000000087000000| Untracked 
|  63|0x0000000087100000, 0x0000000087100000, 0x0000000087200000|  0%| F|  |TAMS 0x0000000087100000, 0x0000000087100000| Untracked 
|  64|0x0000000087200000, 0x0000000087200000, 0x0000000087300000|  0%| F|  |TAMS 0x0000000087200000, 0x0000000087200000| Untracked 
|  65|0x0000000087300000, 0x0000000087300000, 0x0000000087400000|  0%| F|  |TAMS 0x0000000087300000, 0x0000000087300000| Untracked 
|  66|0x0000000087400000, 0x0000000087400000, 0x0000000087500000|  0%| F|  |TAMS 0x0000000087400000, 0x0000000087400000| Untracked 
|  67|0x0000000087500000, 0x0000000087500000, 0x0000000087600000|  0%| F|  |TAMS 0x0000000087500000, 0x0000000087500000| Untracked 
|  68|0x0000000087600000, 0x0000000087600000, 0x0000000087700000|  0%| F|  |TAMS 0x0000000087600000, 0x0000000087600000| Untracked 
|  69|0x0000000087700000, 0x0000000087700000, 0x0000000087800000|  0%| F|  |TAMS 0x0000000087700000, 0x0000000087700000| Untracked 
|  70|0x0000000087800000, 0x0000000087800000, 0x0000000087900000|  0%| F|  |TAMS 0x0000000087800000, 0x0000000087800000| Untracked 
|  71|0x0000000087900000, 0x0000000087900000, 0x0000000087a00000|  0%| F|  |TAMS 0x0000000087900000, 0x0000000087900000| Untracked 
|  72|0x0000000087a00000, 0x0000000087a00000, 0x0000000087b00000|  0%| F|  |TAMS 0x0000000087a00000, 0x0000000087a00000| Untracked 
|  73|0x0000000087b00000, 0x0000000087b00000, 0x0000000087c00000|  0%| F|  |TAMS 0x0000000087b00000, 0x0000000087b00000| Untracked 
|  74|0x0000000087c00000, 0x0000000087c00000, 0x0000000087d00000|  0%| F|  |TAMS 0x0000000087c00000, 0x0000000087c00000| Untracked 
|  75|0x0000000087d00000, 0x0000000087d00000, 0x0000000087e00000|  0%| F|  |TAMS 0x0000000087d00000, 0x0000000087d00000| Untracked 
|  76|0x0000000087e00000, 0x0000000087e00000, 0x0000000087f00000|  0%| F|  |TAMS 0x0000000087e00000, 0x0000000087e00000| Untracked 
|  77|0x0000000087f00000, 0x0000000087f00000, 0x0000000088000000|  0%| F|  |TAMS 0x0000000087f00000, 0x0000000087f00000| Untracked 
|  78|0x0000000088000000, 0x0000000088000000, 0x0000000088100000|  0%| F|  |TAMS 0x0000000088000000, 0x0000000088000000| Untracked 
|  79|0x0000000088100000, 0x0000000088100000, 0x0000000088200000|  0%| F|  |TAMS 0x0000000088100000, 0x0000000088100000| Untracked 
|  80|0x0000000088200000, 0x0000000088200000, 0x0000000088300000|  0%| F|  |TAMS 0x0000000088200000, 0x0000000088200000| Untracked 
|  81|0x0000000088300000, 0x0000000088300000, 0x0000000088400000|  0%| F|  |TAMS 0x0000000088300000, 0x0000000088300000| Untracked 
|  82|0x0000000088400000, 0x0000000088400000, 0x0000000088500000|  0%| F|  |TAMS 0x0000000088400000, 0x0000000088400000| Untracked 
|  83|0x0000000088500000, 0x0000000088500000, 0x0000000088600000|  0%| F|  |TAMS 0x0000000088500000, 0x0000000088500000| Untracked 
|  84|0x0000000088600000, 0x0000000088600000, 0x0000000088700000|  0%| F|  |TAMS 0x0000000088600000, 0x0000000088600000| Untracked 
|  85|0x0000000088700000, 0x0000000088700000, 0x0000000088800000|  0%| F|  |TAMS 0x0000000088700000, 0x0000000088700000| Untracked 
|  86|0x0000000088800000, 0x0000000088800000, 0x0000000088900000|  0%| F|  |TAMS 0x0000000088800000, 0x0000000088800000| Untracked 
|  87|0x0000000088900000, 0x0000000088900000, 0x0000000088a00000|  0%| F|  |TAMS 0x0000000088900000, 0x0000000088900000| Untracked 
|  88|0x0000000088a00000, 0x0000000088a00000, 0x0000000088b00000|  0%| F|  |TAMS 0x0000000088a00000, 0x0000000088a00000| Untracked 
|  89|0x0000000088b00000, 0x0000000088b00000, 0x0000000088c00000|  0%| F|  |TAMS 0x0000000088b00000, 0x0000000088b00000| Untracked 
|  90|0x0000000088c00000, 0x0000000088c00000, 0x0000000088d00000|  0%| F|  |TAMS 0x0000000088c00000, 0x0000000088c00000| Untracked 
|  91|0x0000000088d00000, 0x0000000088d00000, 0x0000000088e00000|  0%| F|  |TAMS 0x0000000088d00000, 0x0000000088d00000| Untracked 
|  92|0x0000000088e00000, 0x0000000088e00000, 0x0000000088f00000|  0%| F|  |TAMS 0x0000000088e00000, 0x0000000088e00000| Untracked 
|  93|0x0000000088f00000, 0x0000000088f00000, 0x0000000089000000|  0%| F|  |TAMS 0x0000000088f00000, 0x0000000088f00000| Untracked 
|  94|0x0000000089000000, 0x0000000089000000, 0x0000000089100000|  0%| F|  |TAMS 0x0000000089000000, 0x0000000089000000| Untracked 
|  95|0x0000000089100000, 0x0000000089100000, 0x0000000089200000|  0%| F|  |TAMS 0x0000000089100000, 0x0000000089100000| Untracked 
|  96|0x0000000089200000, 0x0000000089200000, 0x0000000089300000|  0%| F|  |TAMS 0x0000000089200000, 0x0000000089200000| Untracked 
|  97|0x0000000089300000, 0x0000000089300000, 0x0000000089400000|  0%| F|  |TAMS 0x0000000089300000, 0x0000000089300000| Untracked 
|  98|0x0000000089400000, 0x0000000089400000, 0x0000000089500000|  0%| F|  |TAMS 0x0000000089400000, 0x0000000089400000| Untracked 
|  99|0x0000000089500000, 0x0000000089500000, 0x0000000089600000|  0%| F|  |TAMS 0x0000000089500000, 0x0000000089500000| Untracked 
| 100|0x0000000089600000, 0x0000000089600000, 0x0000000089700000|  0%| F|  |TAMS 0x0000000089600000, 0x0000000089600000| Untracked 
| 101|0x0000000089700000, 0x0000000089700000, 0x0000000089800000|  0%| F|  |TAMS 0x0000000089700000, 0x0000000089700000| Untracked 
| 102|0x0000000089800000, 0x0000000089800000, 0x0000000089900000|  0%| F|  |TAMS 0x0000000089800000, 0x0000000089800000| Untracked 
| 103|0x0000000089900000, 0x0000000089900000, 0x0000000089a00000|  0%| F|  |TAMS 0x0000000089900000, 0x0000000089900000| Untracked 
| 104|0x0000000089a00000, 0x0000000089a00000, 0x0000000089b00000|  0%| F|  |TAMS 0x0000000089a00000, 0x0000000089a00000| Untracked 
| 105|0x0000000089b00000, 0x0000000089b00000, 0x0000000089c00000|  0%| F|  |TAMS 0x0000000089b00000, 0x0000000089b00000| Untracked 
| 106|0x0000000089c00000, 0x0000000089c00000, 0x0000000089d00000|  0%| F|  |TAMS 0x0000000089c00000, 0x0000000089c00000| Untracked 
| 107|0x0000000089d00000, 0x0000000089d00000, 0x0000000089e00000|  0%| F|  |TAMS 0x0000000089d00000, 0x0000000089d00000| Untracked 
| 108|0x0000000089e00000, 0x0000000089e00000, 0x0000000089f00000|  0%| F|  |TAMS 0x0000000089e00000, 0x0000000089e00000| Untracked 
| 109|0x0000000089f00000, 0x0000000089f00000, 0x000000008a000000|  0%| F|  |TAMS 0x0000000089f00000, 0x0000000089f00000| Untracked 
| 110|0x000000008a000000, 0x000000008a000000, 0x000000008a100000|  0%| F|  |TAMS 0x000000008a000000, 0x000000008a000000| Untracked 
| 111|0x000000008a100000, 0x000000008a100000, 0x000000008a200000|  0%| F|  |TAMS 0x000000008a100000, 0x000000008a100000| Untracked 
| 112|0x000000008a200000, 0x000000008a200000, 0x000000008a300000|  0%| F|  |TAMS 0x000000008a200000, 0x000000008a200000| Untracked 
| 113|0x000000008a300000, 0x000000008a300000, 0x000000008a400000|  0%| F|  |TAMS 0x000000008a300000, 0x000000008a300000| Untracked 
| 114|0x000000008a400000, 0x000000008a400000, 0x000000008a500000|  0%| F|  |TAMS 0x000000008a400000, 0x000000008a400000| Untracked 
| 115|0x000000008a500000, 0x000000008a500000, 0x000000008a600000|  0%| F|  |TAMS 0x000000008a500000, 0x000000008a500000| Untracked 
| 116|0x000000008a600000, 0x000000008a600000, 0x000000008a700000|  0%| F|  |TAMS 0x000000008a600000, 0x000000008a600000| Untracked 
| 117|0x000000008a700000, 0x000000008a700000, 0x000000008a800000|  0%| F|  |TAMS 0x000000008a700000, 0x000000008a700000| Untracked 
| 118|0x000000008a800000, 0x000000008a8ed168, 0x000000008a900000| 92%| E|  |TAMS 0x000000008a800000, 0x000000008a800000| Complete 
| 119|0x000000008a900000, 0x000000008aa00000, 0x000000008aa00000|100%| E|CS|TAMS 0x000000008a900000, 0x000000008a900000| Complete 
| 120|0x000000008aa00000, 0x000000008ab00000, 0x000000008ab00000|100%| E|CS|TAMS 0x000000008aa00000, 0x000000008aa00000| Complete 
| 121|0x000000008ab00000, 0x000000008ac00000, 0x000000008ac00000|100%| E|CS|TAMS 0x000000008ab00000, 0x000000008ab00000| Complete 
| 122|0x000000008ac00000, 0x000000008ad00000, 0x000000008ad00000|100%| E|CS|TAMS 0x000000008ac00000, 0x000000008ac00000| Complete 
| 123|0x000000008ad00000, 0x000000008ae00000, 0x000000008ae00000|100%| E|CS|TAMS 0x000000008ad00000, 0x000000008ad00000| Complete 
| 124|0x000000008ae00000, 0x000000008af00000, 0x000000008af00000|100%| E|CS|TAMS 0x000000008ae00000, 0x000000008ae00000| Complete 
| 125|0x000000008af00000, 0x000000008b000000, 0x000000008b000000|100%| E|CS|TAMS 0x000000008af00000, 0x000000008af00000| Complete 

Card table byte_map: [0x000002007e750000,0x000002007eb40000] _byte_map_base: 0x000002007e337000

Marking Bits (Prev, Next): (CMBitMap*) 0x000002006baff5e0, (CMBitMap*) 0x000002006baff620
 Prev Bits: [0x0000020000000000, 0x0000020001f38000)
 Next Bits: [0x0000020001f40000, 0x0000020003e78000)

Polling page: 0x0000020069ac0000

Metaspace:

Usage:
  Non-class:      8.84 MB used.
      Class:    849.24 KB used.
       Both:      9.67 MB used.

Virtual space:
  Non-class space:       16.00 MB reserved,       8.94 MB ( 56%) committed,  2 nodes.
      Class space:        1.00 GB reserved,     896.00 KB ( <1%) committed,  1 nodes.
              Both:        1.02 GB reserved,       9.81 MB ( <1%) committed. 

Chunk freelists:
   Non-Class:  2.73 MB
       Class:  3.10 MB
        Both:  5.83 MB

MaxMetaspaceSize: 17179869184.00 GB
CompressedClassSpaceSize: 1.00 GB
 - commit_granule_bytes: 65536.
 - commit_granule_words: 8192.
 - virtual_space_node_default_size: 1048576.
 - enlarge_chunks_in_place: 1.
 - new_chunks_are_fully_committed: 0.
 - uncommit_free_chunks: 1.
 - use_allocation_guard: 0.
 - handle_deallocations: 1.


Internal statistics:

num_allocs_failed_limit: 0.
num_arena_births: 12.
num_arena_deaths: 0.
num_vsnodes_births: 3.
num_vsnodes_deaths: 0.
num_space_committed: 157.
num_space_uncommitted: 0.
num_chunks_returned_to_freelist: 0.
num_chunks_taken_from_freelist: 53.
num_chunk_merges: 0.
num_chunk_splits: 21.
num_chunks_enlarged: 14.
num_purges: 0.

CodeHeap 'non-profiled nmethods': size=120000Kb used=175Kb max_used=175Kb free=119824Kb
 bounds [0x0000020076b00000, 0x0000020076d70000, 0x000002007e030000]
CodeHeap 'profiled nmethods': size=120000Kb used=640Kb max_used=640Kb free=119359Kb
 bounds [0x000002006f5d0000, 0x000002006f840000, 0x0000020076b00000]
CodeHeap 'non-nmethods': size=5760Kb used=1210Kb max_used=1239Kb free=4549Kb
 bounds [0x000002006f030000, 0x000002006f2a0000, 0x000002006f5d0000]
 total_blobs=858 nmethods=451 adapters=320
 compilation: enabled
              stopped_count=0, restarted_count=0
 full_count=0

Compilation events (20 events):
Event: 20448.557 Thread 0x000002000680ea40  448       3       java.util.concurrent.ConcurrentHashMap$EntryIterator::next (51 bytes)
Event: 20448.557 Thread 0x000002000680ea40 nmethod 448 0x000002006f66e710 code [0x000002006f66e900, 0x000002006f66edb8]
Event: 20448.558 Thread 0x000002000680ea40  449       1       java.nio.Buffer::position (5 bytes)
Event: 20448.558 Thread 0x000002000680ea40 nmethod 449 0x0000020076b25810 code [0x0000020076b259a0, 0x0000020076b25a78]
Event: 20448.559 Thread 0x000002000680ea40  452       3       java.io.BufferedWriter::newLine (8 bytes)
Event: 20448.559 Thread 0x000002000680d7b0  451       4       java.util.concurrent.ConcurrentHashMap::setTabAt (20 bytes)
Event: 20448.559 Thread 0x000002000680ea40 nmethod 452 0x000002006f66ef90 code [0x000002006f66f160, 0x000002006f66f528]
Event: 20448.559 Thread 0x000002000680ea40  450       3       java.util.concurrent.ConcurrentHashMap$Node::<init> (14 bytes)
Event: 20448.560 Thread 0x000002000680ea40 nmethod 450 0x000002006f66f710 code [0x000002006f66f8c0, 0x000002006f66fbb8]
Event: 20448.561 Thread 0x000002000680d7b0 nmethod 451 0x0000020076b25b10 code [0x0000020076b25c80, 0x0000020076b25d98]
Event: 20518.170 Thread 0x000002000680d7b0  454       4       java.lang.StringLatin1::inflate (34 bytes)
Event: 20518.177 Thread 0x000002000680d7b0 nmethod 454 0x0000020076b25e10 code [0x0000020076b25fa0, 0x0000020076b264b8]
Event: 20518.177 Thread 0x000002000680d7b0  453       4       java.lang.String::checkBoundsBeginEnd (63 bytes)
Event: 20518.177 Thread 0x000002000680d7b0 nmethod 453 0x0000020076b26610 code [0x0000020076b267a0, 0x0000020076b26858]
Event: 20625.649 Thread 0x000002000680ea40  455       3       org.eclipse.jdt.launching.internal.org.objectweb.asm.ByteVector::putShort (52 bytes)
Event: 20625.653 Thread 0x000002000680ea40 

Event: 21207.730 Thread 0x000002000680ea40  456       3       java.io.OutputStream::<init> (5 bytes)
Event: 21207.730 Thread 0x000002000680ea40 nmethod 456 0x000002006f66fc90 code [0x000002006f66fe40, 0x000002006f66ff98]
Event: 21207.733 Thread 0x000002000680d7b0  457       4       java.util.Properties::saveConvert (434 bytes)
Event: 21207.792 Thread 0x000002000680d7b0 nmethod 457 0x0000020076b26910 code [0x0000020076b26be0, 0x0000020076b2a780]

GC Heap History (0 events):
No events

Deoptimization events (16 events):
Event: 0.247 Thread 0x000002006babf980 Uncommon trap: trap_request=0xffffff45 fr.pc=0x0000020076b0bf5c relative=0x00000000000009dc
Event: 0.247 Thread 0x000002006babf980 Uncommon trap: reason=unstable_if action=reinterpret pc=0x0000020076b0bf5c method=java.util.HashMap.putVal(ILjava/lang/Object;Ljava/lang/Object;ZZ)Ljava/lang/Object; @ 181 c2
Event: 0.247 Thread 0x000002006babf980 DEOPT PACKING pc=0x0000020076b0bf5c sp=0x00000035614fdf00
Event: 0.247 Thread 0x000002006babf980 DEOPT UNPACKING pc=0x000002006f07f92e sp=0x00000035614fdeb0 mode 2
Event: 0.354 Thread 0x000002006babf980 Uncommon trap: trap_request=0xffffff45 fr.pc=0x0000020076b0cf74 relative=0x00000000000000d4
Event: 0.354 Thread 0x000002006babf980 Uncommon trap: reason=unstable_if action=reinterpret pc=0x0000020076b0cf74 method=java.lang.String.isLatin1()Z @ 10 c2
Event: 0.354 Thread 0x000002006babf980 DEOPT PACKING pc=0x0000020076b0cf74 sp=0x00000035614febd0
Event: 0.354 Thread 0x000002006babf980 DEOPT UNPACKING pc=0x000002006f07f92e sp=0x00000035614feb20 mode 2
Event: 0.382 Thread 0x000002006babf980 DEOPT PACKING pc=0x000002006f63d070 sp=0x00000035614f79d0
Event: 0.382 Thread 0x000002006babf980 DEOPT UNPACKING pc=0x000002006f07e77e sp=0x00000035614f6e38 mode 0
Event: 0.382 Thread 0x000002006babf980 DEOPT PACKING pc=0x000002006f63d070 sp=0x00000035614f79d0
Event: 0.382 Thread 0x000002006babf980 DEOPT UNPACKING pc=0x000002006f07e77e sp=0x00000035614f6e38 mode 0
Event: 0.382 Thread 0x000002006babf980 DEOPT PACKING pc=0x000002006f63d070 sp=0x00000035614f79d0
Event: 0.382 Thread 0x000002006babf980 DEOPT UNPACKING pc=0x000002006f07e77e sp=0x00000035614f6e38 mode 0
Event: 0.383 Thread 0x000002006babf980 DEOPT PACKING pc=0x000002006f63d070 sp=0x00000035614f79d0
Event: 0.383 Thread 0x000002006babf980 DEOPT UNPACKING pc=0x000002006f07e77e sp=0x00000035614f6e38 mode 0

Classes unloaded (0 events):
No events

Classes redefined (8 events):
Event: 2969.816 Thread 0x000002007f969f30 redefined class name=Stringoperation, count=1
Event: 19925.187 Thread 0x000002007f969f30 redefined class name=Stringoperation, count=2
Event: 19971.845 Thread 0x000002007f969f30 redefined class name=Stringoperation, count=3
Event: 20051.630 Thread 0x000002007f969f30 redefined class name=Stringoperation, count=4
Event: 20092.102 Thread 0x000002007f969f30 redefined class name=Stringoperation, count=5
Event: 20281.125 Thread 0x000002007f969f30 redefined class name=Stringoperation, count=6
Event: 20625.650 Thread 0x000002007f969f30 redefined class name=Stringoperation, count=7
Event: 20766.955 Thread 0x000002007f969f30 redefined class name=Stringoperation, count=8

Internal exceptions (1 events):
Event: 0.349 Thread 0x000002006babf980 Exception <a 'java/lang/NoSuchMethodError'{0x000000008ace6f28}: 'java.lang.Object java.lang.invoke.DirectMethodHandle$Holder.invokeStatic(java.lang.Object)'> (0x000000008ace6f28) 
thrown [t:\workspace\open\src\hotspot\share\interpreter\linkResolver.cpp, line 790]

Events (20 events):
Event: 22194.434 Executing  VM operation: get/set locals done
Event: 22194.435 Executing  VM operation: get/set locals
Event: 22194.435 Executing  VM operation: get/set locals done
Event: 22194.435 Executing  VM operation: get/set locals
Event: 22194.435 Executing  VM operation: get/set locals done
Event: 22194.436 Executing  VM operation: get/set locals
Event: 22194.436 Executing  VM operation: get/set locals done
Event: 22194.436 Executing  VM operation: get/set locals
Event: 22194.436 Executing  VM operation: get/set locals done
Event: 22197.319 Executing  VM operation: get/set locals
Event: 22197.319 Executing  VM operation: get/set locals done
Event: 22197.320 Executing  VM operation: get/set locals
Event: 22197.320 Executing  VM operation: get/set locals done
Event: 22197.320 Executing  VM operation: get/set locals
Event: 22197.320 Executing  VM operation: get/set locals done
Event: 22197.320 Executing  VM operation: get/set locals
Event: 22197.320 Executing  VM operation: get/set locals done
Event: 22197.320 Executing  VM operation: get/set locals
Event: 22197.320 Executing  VM operation: get/set locals done
Event: 22216.312 Executing  VM operation: get/set locals


Dynamic libraries:
0x00007ff62dda0000 - 0x00007ff62ddae000 	D:\Softwares\sts-4.11.0.RELEASE\plugins\org.eclipse.justj.openjdk.hotspot.jre.full.win32.x86_64_16.0.1.v20210528-1205\jre\bin\javaw.exe
0x00007ffbf5ea0000 - 0x00007ffbf60a7000 	C:\WINDOWS\SYSTEM32\ntdll.dll
0x00007ffbf4ed0000 - 0x00007ffbf4f8d000 	C:\WINDOWS\System32\KERNEL32.DLL
0x00007ffbf37f0000 - 0x00007ffbf3b64000 	C:\WINDOWS\System32\KERNELBASE.dll
0x00007ffbf3610000 - 0x00007ffbf3721000 	C:\WINDOWS\System32\ucrtbase.dll
0x00007ffbdb840000 - 0x00007ffbdb859000 	D:\Softwares\sts-4.11.0.RELEASE\plugins\org.eclipse.justj.openjdk.hotspot.jre.full.win32.x86_64_16.0.1.v20210528-1205\jre\bin\VCRUNTIME140.dll
0x00007ffbec950000 - 0x00007ffbec968000 	D:\Softwares\sts-4.11.0.RELEASE\plugins\org.eclipse.justj.openjdk.hotspot.jre.full.win32.x86_64_16.0.1.v20210528-1205\jre\bin\jli.dll
0x00007ffbf5710000 - 0x00007ffbf58bc000 	C:\WINDOWS\System32\USER32.dll
0x00007ffbf3bf0000 - 0x00007ffbf3c16000 	C:\WINDOWS\System32\win32u.dll
0x00007ffbf59b0000 - 0x00007ffbf59d9000 	C:\WINDOWS\System32\GDI32.dll
0x00007ffbdcbc0000 - 0x00007ffbdce65000 	C:\WINDOWS\WinSxS\amd64_microsoft.windows.common-controls_6595b64144ccf1df_6.0.22000.120_none_9d947278b86cc467\COMCTL32.dll
0x00007ffbf34f0000 - 0x00007ffbf3602000 	C:\WINDOWS\System32\gdi32full.dll
0x00007ffbf5660000 - 0x00007ffbf5703000 	C:\WINDOWS\System32\msvcrt.dll
0x00007ffbf3c20000 - 0x00007ffbf3cbd000 	C:\WINDOWS\System32\msvcp_win.dll
0x00007ffbf5010000 - 0x00007ffbf5041000 	C:\WINDOWS\System32\IMM32.DLL
0x00007ffbee8a0000 - 0x00007ffbee8ac000 	D:\Softwares\sts-4.11.0.RELEASE\plugins\org.eclipse.justj.openjdk.hotspot.jre.full.win32.x86_64_16.0.1.v20210528-1205\jre\bin\vcruntime140_1.dll
0x00007ffbb9cc0000 - 0x00007ffbb9d51000 	D:\Softwares\sts-4.11.0.RELEASE\plugins\org.eclipse.justj.openjdk.hotspot.jre.full.win32.x86_64_16.0.1.v20210528-1205\jre\bin\msvcp140.dll
0x00007ffb78740000 - 0x00007ffb792eb000 	D:\Softwares\sts-4.11.0.RELEASE\plugins\org.eclipse.justj.openjdk.hotspot.jre.full.win32.x86_64_16.0.1.v20210528-1205\jre\bin\server\jvm.dll
0x00007ffbf3f30000 - 0x00007ffbf3fdc000 	C:\WINDOWS\System32\ADVAPI32.dll
0x00007ffbf4d40000 - 0x00007ffbf4ddd000 	C:\WINDOWS\System32\sechost.dll
0x00007ffbf4b60000 - 0x00007ffbf4c81000 	C:\WINDOWS\System32\RPCRT4.dll
0x00007ffbf3fe0000 - 0x00007ffbf3fe8000 	C:\WINDOWS\System32\PSAPI.DLL
0x00007ffbda080000 - 0x00007ffbda089000 	C:\WINDOWS\SYSTEM32\WSOCK32.dll
0x00007ffbe4830000 - 0x00007ffbe483a000 	C:\WINDOWS\SYSTEM32\VERSION.dll
0x00007ffbebac0000 - 0x00007ffbebaf3000 	C:\WINDOWS\SYSTEM32\WINMM.dll
0x00007ffbf3ff0000 - 0x00007ffbf405f000 	C:\WINDOWS\System32\WS2_32.dll
0x00007ffbf2590000 - 0x00007ffbf25a8000 	C:\WINDOWS\SYSTEM32\kernel.appcore.dll
0x00007ffbe2640000 - 0x00007ffbe264a000 	D:\Softwares\sts-4.11.0.RELEASE\plugins\org.eclipse.justj.openjdk.hotspot.jre.full.win32.x86_64_16.0.1.v20210528-1205\jre\bin\jimage.dll
0x00007ffbf0e20000 - 0x00007ffbf1041000 	C:\WINDOWS\SYSTEM32\DBGHELP.DLL
0x00007ffbdcb50000 - 0x00007ffbdcb81000 	C:\WINDOWS\SYSTEM32\dbgcore.DLL
0x00007ffbf3b70000 - 0x00007ffbf3bf0000 	C:\WINDOWS\System32\bcryptPrimitives.dll
0x00007ffbc01a0000 - 0x00007ffbc01db000 	D:\Softwares\sts-4.11.0.RELEASE\plugins\org.eclipse.justj.openjdk.hotspot.jre.full.win32.x86_64_16.0.1.v20210528-1205\jre\bin\jdwp.dll
0x00007ffbee940000 - 0x00007ffbee94e000 	D:\Softwares\sts-4.11.0.RELEASE\plugins\org.eclipse.justj.openjdk.hotspot.jre.full.win32.x86_64_16.0.1.v20210528-1205\jre\bin\instrument.dll
0x00007ffbc9ca0000 - 0x00007ffbc9cc5000 	D:\Softwares\sts-4.11.0.RELEASE\plugins\org.eclipse.justj.openjdk.hotspot.jre.full.win32.x86_64_16.0.1.v20210528-1205\jre\bin\java.dll
0x00007ffbd2e20000 - 0x00007ffbd2e38000 	D:\Softwares\sts-4.11.0.RELEASE\plugins\org.eclipse.justj.openjdk.hotspot.jre.full.win32.x86_64_16.0.1.v20210528-1205\jre\bin\zip.dll
0x00007ffbf43b0000 - 0x00007ffbf4b5e000 	C:\WINDOWS\System32\SHELL32.dll
0x00007ffbf1520000 - 0x00007ffbf1d87000 	C:\WINDOWS\SYSTEM32\windows.storage.dll
0x00007ffbf5260000 - 0x00007ffbf55d8000 	C:\WINDOWS\System32\combase.dll
0x00007ffbf13b0000 - 0x00007ffbf1516000 	C:\WINDOWS\SYSTEM32\wintypes.dll
0x00007ffbf5170000 - 0x00007ffbf525a000 	C:\WINDOWS\System32\SHCORE.dll
0x00007ffbf4f90000 - 0x00007ffbf4fed000 	C:\WINDOWS\System32\shlwapi.dll
0x00007ffbf32b0000 - 0x00007ffbf32d1000 	C:\WINDOWS\SYSTEM32\profapi.dll
0x00007ffbdb740000 - 0x00007ffbdb74c000 	D:\Softwares\sts-4.11.0.RELEASE\plugins\org.eclipse.justj.openjdk.hotspot.jre.full.win32.x86_64_16.0.1.v20210528-1205\jre\bin\dt_socket.dll
0x00007ffbf2050000 - 0x00007ffbf207d000 	C:\WINDOWS\SYSTEM32\IPHLPAPI.DLL
0x00007ffbf29a0000 - 0x00007ffbf2a07000 	C:\WINDOWS\system32\mswsock.dll
0x00007ffbf2080000 - 0x00007ffbf2167000 	C:\WINDOWS\SYSTEM32\DNSAPI.dll
0x00007ffbf4ec0000 - 0x00007ffbf4ec9000 	C:\WINDOWS\System32\NSI.dll
0x00007ffbeb520000 - 0x00007ffbeb52a000 	C:\Windows\System32\rasadhlp.dll
0x00007ffbea2e0000 - 0x00007ffbea361000 	C:\WINDOWS\System32\fwpuclnt.dll
0x00007ffbd0090000 - 0x00007ffbd00a9000 	D:\Softwares\sts-4.11.0.RELEASE\plugins\org.eclipse.justj.openjdk.hotspot.jre.full.win32.x86_64_16.0.1.v20210528-1205\jre\bin\net.dll
0x00007ffbedb90000 - 0x00007ffbedc9c000 	C:\WINDOWS\SYSTEM32\WINHTTP.dll
0x00007ffbcf910000 - 0x00007ffbcf923000 	D:\Softwares\sts-4.11.0.RELEASE\plugins\org.eclipse.justj.openjdk.hotspot.jre.full.win32.x86_64_16.0.1.v20210528-1205\jre\bin\nio.dll
0x00007ffbe2270000 - 0x00007ffbe2280000 	D:\Softwares\sts-4.11.0.RELEASE\plugins\org.eclipse.justj.openjdk.hotspot.jre.full.win32.x86_64_16.0.1.v20210528-1205\jre\bin\verify.dll

dbghelp: loaded successfully - version: 4.0.5 - missing functions: none
symbol engine: initialized successfully - sym options: 0x614 - pdb path: .;D:\Softwares\sts-4.11.0.RELEASE\plugins\org.eclipse.justj.openjdk.hotspot.jre.full.win32.x86_64_16.0.1.v20210528-1205\jre\bin;C:\WINDOWS\SYSTEM32;C:\WINDOWS\WinSxS\amd64_microsoft.windows.common-controls_6595b64144ccf1df_6.0.22000.120_none_9d947278b86cc467;D:\Softwares\sts-4.11.0.RELEASE\plugins\org.eclipse.justj.openjdk.hotspot.jre.full.win32.x86_64_16.0.1.v20210528-1205\jre\bin\server

VM Arguments:
jvm_args: -XX:+ShowCodeDetailsInExceptionMessages -agentlib:jdwp=transport=dt_socket,suspend=y,address=localhost:61040 -javaagent:D:\Softwares\sts-4.11.0.RELEASE\configuration\org.eclipse.osgi\258\0\.cp\lib\javaagent-shaded.jar -Dfile.encoding=Cp1252 
java_command: Stringoperation
java_class_path (initial): D:\workspace\String logical\bin
Launcher Type: SUN_STANDARD

[Global flags]
     intx CICompilerCount                          = 4                                         {product} {ergonomic}
     uint ConcGCThreads                            = 2                                         {product} {ergonomic}
     uint G1ConcRefinementThreads                  = 8                                         {product} {ergonomic}
   size_t G1HeapRegionSize                         = 1048576                                   {product} {ergonomic}
    uintx GCDrainStackTargetSize                   = 64                                        {product} {ergonomic}
   size_t InitialHeapSize                          = 132120576                                 {product} {ergonomic}
   size_t MarkStackSize                            = 4194304                                   {product} {ergonomic}
   size_t MaxHeapSize                              = 2095054848                                {product} {ergonomic}
   size_t MaxNewSize                               = 1256194048                                {product} {ergonomic}
   size_t MinHeapDeltaBytes                        = 1048576                                   {product} {ergonomic}
   size_t MinHeapSize                              = 8388608                                   {product} {ergonomic}
    uintx NonNMethodCodeHeapSize                   = 5839372                                {pd product} {ergonomic}
    uintx NonProfiledCodeHeapSize                  = 122909434                              {pd product} {ergonomic}
    uintx ProfiledCodeHeapSize                     = 122909434                              {pd product} {ergonomic}
    uintx ReservedCodeCacheSize                    = 251658240                              {pd product} {ergonomic}
     bool SegmentedCodeCache                       = true                                      {product} {ergonomic}
     bool ShowCodeDetailsInExceptionMessages       = true                                   {manageable} {command line}
   size_t SoftMaxHeapSize                          = 2095054848                             {manageable} {ergonomic}
     bool UseCompressedClassPointers               = true                           {product lp64_product} {ergonomic}
     bool UseCompressedOops                        = true                           {product lp64_product} {ergonomic}
     bool UseG1GC                                  = true                                      {product} {ergonomic}
     bool UseLargePagesIndividualAllocation        = false                                  {pd product} {ergonomic}

Logging:
Log output configuration:
 #0: stdout all=warning uptime,level,tags
 #1: stderr all=off uptime,level,tags

Environment Variables:
JAVA_HOME=C:\Program Files\Java\jdk-16.0.2
PATH=D:\Softwares\sts-4.11.0.RELEASE\plugins\org.eclipse.justj.openjdk.hotspot.jre.full.win32.x86_64_16.0.1.v20210528-1205\jre\bin;D:/Softwares/sts-4.11.0.RELEASE//plugins/org.eclipse.justj.openjdk.hotspot.jre.full.win32.x86_64_16.0.1.v20210528-1205/jre/bin/server;D:/Softwares/sts-4.11.0.RELEASE//plugins/org.eclipse.justj.openjdk.hotspot.jre.full.win32.x86_64_16.0.1.v20210528-1205/jre/bin;C:\Program Files\Common Files\Oracle\Java\javapath;C:\Program Files (x86)\Common Files\Oracle\Java\javapath;C:\WINDOWS\system32;C:\WINDOWS;C:\WINDOWS\System32\Wbem;C:\WINDOWS\System32\WindowsPowerShell\v1.0\;C:\WINDOWS\System32\OpenSSH\;C:\Program Files\Java\jdk-16.0.2\bin;D:\Softwares\apache-maven-3.8.1\bin;C:\Program Files\MySQL\MySQL Shell 8.0\bin\;C:\Users\USER\AppData\Local\Microsoft\WindowsApps;;D:\Softwares\sts-4.11.0.RELEASE;
USERNAME=USER
OS=Windows_NT
PROCESSOR_IDENTIFIER=Intel64 Family 6 Model 140 Stepping 1, GenuineIntel



---------------  S Y S T E M  ---------------

OS:
 Windows 10 , 64 bit Build 22000 (10.0.22000.318)
OS uptime: 14 days 4:23 hours

CPU: total 8 (initial active 8) (4 cores per cpu, 2 threads per core) family 6 model 140 stepping 1 microcode 0x66, cx8, cmov, fxsr, ht, mmx, 3dnowpref, sse, sse2, sse3, ssse3, sse4.1, sse4.2, popcnt, lzcnt, tsc, tscinvbit, avx, avx2, aes, erms, clmul, bmi1, bmi2, adx, avx512f, avx512dq, avx512cd, avx512bw, avx512vl, sha, fma, vzeroupper, avx512_vpopcntdq, avx512_vpclmulqdq, avx512_vaes, avx512_vnni, clflush, clflushopt, clwb, avx512_vmbi2, avx512_vmbi

Memory: 4k page, system-wide physical 7991M (476M free)
TotalPageFile size 14927M (AvailPageFile size 1685M)
current process WorkingSet (physical memory assigned to process): 40M, peak: 49M
current process commit charge ("private bytes"): 208M, peak: 214M

vm_info: OpenJDK 64-Bit Server VM (16.0.1+9-24) for windows-amd64 JRE (16.0.1+9-24), built on Mar 26 2021 19:30:07 by "mach5one" with MS VC++ 16.7 (VS2019)

END.
